<?xml version="1.0" encoding="UTF-8"?>
<!-- Generated by org.testng.reporters.JUnitReportReporter -->
<testsuite hostname="PRATHAMs-MacBook-Air.local" failures="0" tests="1" name="com.book.testcases.LoginPageTest" time="11.148" errors="0" timestamp="2024-03-15T23:15:33 IST" skipped="0">
  <testcase classname="com.book.testcases.LoginPageTest" name="testLogin" time="11.148"/>
  <system-out/>
</testsuite> <!-- com.book.testcases.LoginPageTest -->
