<?xml version="1.0" encoding="UTF-8"?>
<!-- Generated by org.testng.reporters.JUnitReportReporter -->
<testsuite hostname="PRATHAMs-MacBook-Air.local" failures="0" tests="1" name="com.book.testcases.SearchTest" time="14.332" errors="0" timestamp="2024-03-15T21:02:24 IST" skipped="0">
  <testcase classname="com.book.testcases.SearchTest" name="navigateToSearchTest" time="14.332"/>
  <system-out/>
</testsuite> <!-- com.book.testcases.SearchTest -->
