<?xml version="1.0" encoding="UTF-8"?>
<!-- Generated by org.testng.reporters.JUnitReportReporter -->
<testsuite hostname="PRATHAMs-MacBook-Air.local" failures="0" tests="1" name="com.book.testcases.HomePageTest" time="4.744" errors="0" timestamp="2024-03-15T23:15:33 IST" skipped="0">
  <testcase classname="com.book.testcases.HomePageTest" name="navigateToHomePage" time="4.744"/>
  <system-out/>
</testsuite> <!-- com.book.testcases.HomePageTest -->
