<?xml version="1.0" encoding="UTF-8"?>
<!-- Generated by org.testng.reporters.JUnitReportReporter -->
<testsuite hostname="PRATHAMs-MacBook-Air.local" failures="0" tests="1" name="com.book.testcases.WardrobeTest" time="13.795" errors="0" timestamp="2024-03-15T23:15:33 IST" skipped="0">
  <testcase classname="com.book.testcases.WardrobeTest" name="wardrobeTest" time="13.795"/>
  <system-out/>
</testsuite> <!-- com.book.testcases.WardrobeTest -->
