<?xml version="1.0" encoding="UTF-8"?>
<!-- Generated by org.testng.reporters.JUnitReportReporter -->
<testsuite hostname="PRATHAMs-MacBook-Air.local" failures="0" tests="2" name="com.book.testcases.SearchTest" time="25.450" errors="0" timestamp="2024-03-15T02:47:06 IST" skipped="1">
  <testcase classname="com.book.testcases.SearchTest" name="homePage" time="14.112"/>
  <system-out/>
  <testcase classname="com.book.testcases.SearchTest" name="homePage" time="11.338">
    <skipped/>
  </testcase> <!-- homePage -->
  <system-out/>
</testsuite> <!-- com.book.testcases.SearchTest -->
