<?xml version="1.0" encoding="UTF-8"?>
<!-- Generated by org.testng.reporters.JUnitReportReporter -->
<testsuite hostname="PRATHAMs-MacBook-Air.local" failures="0" tests="1" name="com.book.testcases.SearchTest" time="3.233" errors="0" timestamp="2024-03-12T02:09:04 IST" skipped="0">
  <testcase classname="com.book.testcases.SearchTest" name="homePage" time="3.233"/>
  <system-out/>
</testsuite> <!-- com.book.testcases.SearchTest -->
