<?xml version="1.0" encoding="UTF-8"?>
<!-- Generated by org.testng.reporters.JUnitReportReporter -->
<testsuite hostname="PRATHAMs-MacBook-Air.local" failures="0" tests="1" name="com.book.testcases.WardrobeTest" time="15.133" errors="0" timestamp="2024-03-15T20:44:12 IST" skipped="0">
  <testcase classname="com.book.testcases.WardrobeTest" name="warDrobeTest" time="15.133"/>
  <system-out/>
</testsuite> <!-- com.book.testcases.WardrobeTest -->
