<?xml version="1.0" encoding="UTF-8"?>
<!-- Generated by org.testng.reporters.JUnitReportReporter -->
<testsuite hostname="PRATHAMs-MacBook-Air.local" failures="0" tests="2" name="com.book.testcases.HomePageTest" time="4.309" errors="0" timestamp="2024-03-15T11:08:08 IST" skipped="1">
  <testcase classname="com.book.testcases.HomePageTest" name="navigateToHomePage" time="4.309"/>
  <system-out/>
  <testcase classname="com.book.testcases.HomePageTest" name="navigateToLoginPage">
    <skipped/>
  </testcase> <!-- navigateToLoginPage -->
  <system-out/>
</testsuite> <!-- com.book.testcases.HomePageTest -->
